<?xml version="1.0" encoding="UTF-8"?>
<!-- Generated by org.testng.reporters.JUnitXMLReporter -->
<testsuite ignored="0" hostname="DESKTOP-QKGU50N" failures="0" tests="3" name="Test" time="30.772" errors="0" timestamp="2024-10-17T16:42:14 IST">
  <testcase classname="com.testing.CrossBrowserTesting" name="edge" time="17.188"/>
  <testcase classname="com.testing.CrossBrowserTesting" name="chrome" time="17.189"/>
  <testcase classname="com.testing.CrossBrowserTesting" name="fireFox" time="30.648"/>
</testsuite> <!-- Test -->
